<?xml version="1.0" encoding="UTF-8"?>
<!-- Generated by org.testng.reporters.JUnitReportReporter -->
<testsuite skipped="0" hostname="INT-01544" name="testsApi.FindDog" tests="1" failures="0" timestamp="2021-08-30T19:06:49 CAT" time="1.327" errors="0">
  <testcase name="displayDogs" time="1.327" classname="testsApi.FindDog"/>
  <system-out/>
</testsuite> <!-- testsApi.FindDog -->
