<?xml version="1.0" encoding="UTF-8"?>
<!-- Generated by org.testng.reporters.JUnitReportReporter -->
<testsuite skipped="0" hostname="INT-01544" name="testsApi.DogsDisplay" tests="1" failures="0" timestamp="2021-08-30T19:06:49 CAT" time="0.675" errors="0">
  <testcase name="displayDogs" time="0.675" classname="testsApi.DogsDisplay"/>
  <system-out/>
</testsuite> <!-- testsApi.DogsDisplay -->
