<?xml version="1.0" encoding="UTF-8"?>
<!-- Generated by org.testng.reporters.JUnitReportReporter -->
<testsuite skipped="0" hostname="INT-01544" name="testsApi.DisplayBreed" tests="1" failures="0" timestamp="2021-08-30T19:06:49 CAT" time="2.491" errors="0">
  <testcase name="displayBreed" time="2.491" classname="testsApi.DisplayBreed"/>
  <system-out/>
</testsuite> <!-- testsApi.DisplayBreed -->
